\BOOKMARK [1][-]{section.1}{\376\377\000I\000n\000t\000r\000o\000d\000u\000c\000t\000i\000o\000n}{}% 1
\BOOKMARK [1][-]{section.2}{\376\377\000M\000a\000t\000e\000r\000i\000a\000l\000s\000\040\000a\000n\000d\000\040\000m\000e\000t\000h\000o\000d\000s}{}% 2
\BOOKMARK [2][-]{subsection.2.1}{\376\377\000G\000o\000v\000e\000r\000n\000i\000n\000g\000\040\000e\000q\000u\000a\000t\000i\000o\000n\000s}{section.2}% 3
\BOOKMARK [2][-]{subsection.2.2}{\376\377\000E\000x\000t\000r\000a\000c\000t\000i\000o\000n\000\040\000m\000o\000d\000e\000l}{section.2}% 4
\BOOKMARK [3][-]{subsubsection.2.2.1}{\376\377\000C\000o\000n\000t\000i\000n\000u\000i\000t\000y\000\040\000e\000q\000u\000a\000t\000i\000o\000n}{subsection.2.2}% 5
\BOOKMARK [3][-]{subsubsection.2.2.2}{\376\377\000M\000a\000s\000s\000\040\000b\000a\000l\000a\000n\000c\000e\000\040\000f\000o\000r\000\040\000t\000h\000e\000\040\000f\000l\000u\000i\000d\000\040\000p\000h\000a\000s\000e}{subsection.2.2}% 6
\BOOKMARK [3][-]{subsubsection.2.2.3}{\376\377\000M\000a\000s\000s\000\040\000b\000a\000l\000a\000n\000c\000e\000\040\000f\000o\000r\000\040\000t\000h\000e\000\040\000s\000o\000l\000i\000d\000\040\000p\000h\000a\000s\000e}{subsection.2.2}% 7
\BOOKMARK [3][-]{subsubsection.2.2.4}{\376\377\000K\000i\000n\000e\000t\000i\000c\000\040\000t\000e\000r\000m}{subsection.2.2}% 8
\BOOKMARK [3][-]{subsubsection.2.2.5}{\376\377\000U\000n\000e\000v\000e\000n\000\040\000s\000o\000l\000u\000t\000e\000\040\000d\000i\000s\000t\000r\000i\000b\000u\000t\000i\000o\000n\000\040\000i\000n\000\040\000t\000h\000e\000\040\000s\000o\000l\000i\000d\000\040\000p\000h\000a\000s\000e}{subsection.2.2}% 9
\BOOKMARK [3][-]{subsubsection.2.2.6}{\376\377\000E\000m\000p\000i\000r\000i\000c\000a\000l\000\040\000c\000o\000r\000r\000e\000l\000a\000t\000i\000o\000n\000s}{subsection.2.2}% 10
\BOOKMARK [3][-]{subsubsection.2.2.7}{\376\377\000H\000e\000a\000t\000\040\000b\000a\000l\000a\000n\000c\000e}{subsection.2.2}% 11
\BOOKMARK [3][-]{subsubsection.2.2.8}{\376\377\000P\000r\000e\000s\000s\000u\000r\000e\000\040\000t\000e\000r\000m}{subsection.2.2}% 12
\BOOKMARK [3][-]{subsubsection.2.2.9}{\376\377\000E\000x\000t\000r\000a\000c\000t\000i\000o\000n\000\040\000y\000i\000e\000l\000d}{subsection.2.2}% 13
\BOOKMARK [3][-]{subsubsection.2.2.10}{\376\377\000I\000n\000i\000t\000i\000a\000l\000\040\000a\000n\000d\000\040\000b\000o\000u\000n\000d\000a\000r\000y\000\040\000c\000o\000n\000d\000i\000t\000i\000o\000n\000s}{subsection.2.2}% 14
\BOOKMARK [3][-]{subsubsection.2.2.11}{\376\377\000D\000i\000s\000c\000r\000e\000t\000i\000s\000a\000t\000i\000o\000n\000\040\000m\000e\000t\000h\000o\000d\000s}{subsection.2.2}% 15
\BOOKMARK [1][-]{section.3}{\376\377\000I\000n\000f\000l\000u\000e\000n\000t\000i\000a\000l\000\040\000o\000b\000s\000e\000r\000v\000a\000t\000i\000o\000n\000s}{}% 16
\BOOKMARK [2][-]{subsection.3.1}{\376\377\000L\000i\000n\000e\000a\000r\000\040\000r\000e\000g\000r\000e\000s\000s\000i\000o\000n\000\040\000c\000a\000s\000e}{section.3}% 17
\BOOKMARK [2][-]{subsection.3.2}{\376\377\000I\000n\000f\000l\000u\000e\000n\000c\000e\000\040\000o\000n\000\040\000l\000i\000n\000e\000a\000r\000\040\000r\000e\000g\000r\000e\000s\000s\000i\000o\000n\000\040\000c\000o\000e\000f\000f\000i\000c\000i\000e\000n\000t\000s}{section.3}% 18
\BOOKMARK [2][-]{subsection.3.3}{\376\377\000I\000n\000f\000l\000u\000e\000n\000c\000e\000\040\000o\000n\000\040\000f\000i\000t\000t\000e\000d\000\040\000v\000a\000l\000u\000e\000s}{section.3}% 19
\BOOKMARK [2][-]{subsection.3.4}{\376\377\000C\000o\000o\000k\040\031\000s\000\040\000d\000i\000s\000t\000a\000n\000c\000e}{section.3}% 20
\BOOKMARK [2][-]{subsection.3.5}{\376\377\000A\000n\000a\000l\000y\000s\000i\000s\000\040\000o\000f\000\040\000t\000h\000e\000\040\000e\000m\000p\000i\000r\000i\000c\000a\000l\000\040\000c\000o\000r\000r\000e\000l\000a\000t\000i\000o\000n\000\040\000f\000o\000r\000\040\000D\000i\000R}{section.3}% 21
\BOOKMARK [2][-]{subsection.3.6}{\376\377\000A\000n\000a\000l\000y\000s\000i\000s\000\040\000o\000f\000\040\000t\000h\000e\000\040\000e\000m\000p\000i\000r\000i\000c\000a\000l\000\040\000c\000o\000r\000r\000e\000l\000a\000t\000i\000o\000n\000\040\000f\000o\000r\000\040}{section.3}% 22
\BOOKMARK [1][-]{section.4}{\376\377\000I\000n\000f\000l\000u\000e\000n\000c\000e\000\040\000a\000n\000a\000l\000y\000s\000i\000s}{}% 23
\BOOKMARK [2][-]{subsection.4.1}{\376\377\000I\000n\000f\000l\000u\000e\000n\000c\000e\000\040\000F\000u\000n\000c\000t\000i\000o\000n\000s\000\040\000v\000i\000a\000\040\000D\000a\000t\000a\000\040\000P\000e\000r\000t\000u\000r\000b\000a\000t\000i\000o\000n}{section.4}% 24
\BOOKMARK [2][-]{subsection.4.2}{\376\377\000A\000n\000a\000l\000y\000s\000i\000s\000\040\000o\000f\000\040\000t\000h\000e\000\040\000r\000e\000s\000u\000l\000t\000s}{section.4}% 25
\BOOKMARK [1][-]{section.5}{\376\377\000C\000o\000n\000c\000l\000u\000s\000i\000o\000n}{}% 26
